Microsoft HTML Help Compiler 4.74.8702

Compiling c:\Users\Master 2 CCI\Documents\UE1 - Algorithmique et programmation\EP1 -  Algorithmique, structures de données et conception objet\MiniProjet.enonce\ihmexamap\aide\ExaMAP.chm


Compile time: 0 minutes, 1 second
25	Topics
42	Local links
0	Internet links
0	Graphics


Created c:\Users\Master 2 CCI\Documents\UE1 - Algorithmique et programmation\EP1 -  Algorithmique, structures de données et conception objet\MiniProjet.enonce\ihmexamap\aide\ExaMAP.chm, 19,178 bytes
Compression decreased file by 16,838 bytes.
Microsoft HTML Help Compiler 4.74.8702

Compiling c:\Users\Master 2 CCI\Documents\UE1 - Algorithmique et programmation\EP1 -  Algorithmique, structures de données et conception objet\MiniProjet.enonce\ihmexamap\aide\ExaMAP.chm


Compile time: 0 minutes, 1 second
25	Topics
42	Local links
0	Internet links
0	Graphics


Created c:\Users\Master 2 CCI\Documents\UE1 - Algorithmique et programmation\EP1 -  Algorithmique, structures de données et conception objet\MiniProjet.enonce\ihmexamap\aide\ExaMAP.chm, 19,178 bytes
Compression decreased file by 16,838 bytes.
Microsoft HTML Help Compiler 4.74.8702

Compiling c:\Users\Master 2 CCI\Documents\UE1 - Algorithmique et programmation\EP1 -  Algorithmique, structures de données et conception objet\MiniProjet.enonce\ihmexamap\aide\ExaMAP.chm


Compile time: 0 minutes, 2 seconds
25	Topics
42	Local links
0	Internet links
0	Graphics


Created c:\Users\Master 2 CCI\Documents\UE1 - Algorithmique et programmation\EP1 -  Algorithmique, structures de données et conception objet\MiniProjet.enonce\ihmexamap\aide\ExaMAP.chm, 82,122 bytes
Compression decreased file by 742,424 bytes.
Microsoft HTML Help Compiler 4.74.8702

Compiling c:\Users\Master 2 CCI\Documents\UE1 - Algorithmique et programmation\EP1 -  Algorithmique, structures de données et conception objet\MiniProjet.enonce\ihmexamap\aide\ExaMAP.chm


Compile time: 0 minutes, 2 seconds
25	Topics
42	Local links
0	Internet links
0	Graphics


Created c:\Users\Master 2 CCI\Documents\UE1 - Algorithmique et programmation\EP1 -  Algorithmique, structures de données et conception objet\MiniProjet.enonce\ihmexamap\aide\ExaMAP.chm, 82,684 bytes
Compression decreased file by 743,112 bytes.
